<?xml version="1.0" encoding="UTF-8"?>
<testng-results ignored="0" total="1" passed="1" failed="0" skipped="0">
  <reporter-output>
  </reporter-output>
  <suite started-at="2023-04-22T12:17:06 IST" name="Default suite" finished-at="2023-04-22T12:17:22 IST" duration-ms="16637">
    <groups>
    </groups>
    <test started-at="2023-04-22T12:17:06 IST" name="Default test" finished-at="2023-04-22T12:17:22 IST" duration-ms="16637">
      <class name="Campaigns.CreateCampaignTest">
        <test-method is-config="true" signature="BS()[pri:0, instance:Campaigns.CreateCampaignTest@1ea9f6af]" started-at="2023-04-22T12:17:06 IST" name="BS" finished-at="2023-04-22T12:17:06 IST" duration-ms="7" status="PASS">
          <reporter-output>
          </reporter-output>
        </test-method> <!-- BS -->
        <test-method is-config="true" signature="BT()[pri:0, instance:Campaigns.CreateCampaignTest@1ea9f6af]" started-at="2023-04-22T12:17:06 IST" name="BT" finished-at="2023-04-22T12:17:06 IST" duration-ms="1" status="PASS">
          <reporter-output>
          </reporter-output>
        </test-method> <!-- BT -->
        <test-method is-config="true" signature="BC()[pri:0, instance:Campaigns.CreateCampaignTest@1ea9f6af]" started-at="2023-04-22T12:17:06 IST" name="BC" finished-at="2023-04-22T12:17:08 IST" duration-ms="2379" status="PASS">
          <reporter-output>
          </reporter-output>
        </test-method> <!-- BC -->
        <test-method is-config="true" signature="BM()[pri:0, instance:Campaigns.CreateCampaignTest@1ea9f6af]" started-at="2023-04-22T12:17:08 IST" name="BM" finished-at="2023-04-22T12:17:12 IST" duration-ms="4219" status="PASS">
          <reporter-output>
          </reporter-output>
        </test-method> <!-- BM -->
        <test-method signature="createCampaignTest()[pri:0, instance:Campaigns.CreateCampaignTest@1ea9f6af]" started-at="2023-04-22T12:17:12 IST" name="createCampaignTest" finished-at="2023-04-22T12:17:20 IST" duration-ms="8132" status="PASS">
          <reporter-output>
          </reporter-output>
        </test-method> <!-- createCampaignTest -->
        <test-method is-config="true" signature="AM()[pri:0, instance:Campaigns.CreateCampaignTest@1ea9f6af]" started-at="2023-04-22T12:17:20 IST" name="AM" finished-at="2023-04-22T12:17:22 IST" duration-ms="1720" status="PASS">
          <reporter-output>
          </reporter-output>
        </test-method> <!-- AM -->
        <test-method is-config="true" signature="AC()[pri:0, instance:Campaigns.CreateCampaignTest@1ea9f6af]" started-at="2023-04-22T12:17:22 IST" name="AC" finished-at="2023-04-22T12:17:22 IST" duration-ms="152" status="PASS">
          <reporter-output>
          </reporter-output>
        </test-method> <!-- AC -->
        <test-method is-config="true" signature="AT()[pri:0, instance:Campaigns.CreateCampaignTest@1ea9f6af]" started-at="2023-04-22T12:17:22 IST" name="AT" finished-at="2023-04-22T12:17:22 IST" duration-ms="0" status="PASS">
          <reporter-output>
          </reporter-output>
        </test-method> <!-- AT -->
        <test-method is-config="true" signature="AS()[pri:0, instance:Campaigns.CreateCampaignTest@1ea9f6af]" started-at="2023-04-22T12:17:22 IST" name="AS" finished-at="2023-04-22T12:17:22 IST" duration-ms="0" status="PASS">
          <reporter-output>
          </reporter-output>
        </test-method> <!-- AS -->
      </class> <!-- Campaigns.CreateCampaignTest -->
    </test> <!-- Default test -->
  </suite> <!-- Default suite -->
</testng-results>
