<?xml version="1.0" encoding="UTF-8"?>
<!-- Generated by org.testng.reporters.JUnitXMLReporter -->
<testsuite ignored="4" hostname="anvitha" failures="1" tests="6" name="Test" time="78.837" errors="0" timestamp="2023-04-19T19:47:05 IST">
  <testcase classname="Products.CreateAndDeleteProductTest" name="createAndDeleteProductTest" time="13.78"/>
  <testcase classname="Campaigns.CreateCampaignTest" name="createCampaignTest" time="6.019">
    <skipped/>
  </testcase> <!-- createCampaignTest -->
  <testcase classname="Campaigns.CreateCampaignTest" name="createCampaignTest" time="5.986">
    <skipped/>
  </testcase> <!-- createCampaignTest -->
  <testcase classname="Campaigns.CreateCampaignTest" name="createCampaignTest" time="6.084">
    <skipped/>
  </testcase> <!-- createCampaignTest -->
  <testcase classname="Campaigns.CreateCampaignTest" name="createCampaignTest" time="6.193">
    <skipped/>
  </testcase> <!-- createCampaignTest -->
  <testcase classname="Campaigns.CreateCampaignTest" name="createCampaignTest" time="5.94">
    <failure type="java.lang.AssertionError" message="expected [true] but found [false]">
      <![CDATA[java.lang.AssertionError: expected [true] but found [false]
at Campaigns.CreateCampaignTest.createCampaignTest(CreateCampaignTest.java:36)
at java.base/java.util.ArrayList.forEach(ArrayList.java:1511)
... Removed 33 stack frames]]>
    </failure>
  </testcase> <!-- createCampaignTest -->
  <testcase classname="GenericUtility.BaseClass" name="@BeforeSuite BS" time="0.0">
    <ignored/>
  </testcase> <!-- @BeforeSuite BS -->
  <testcase classname="GenericUtility.BaseClass" name="@AfterTest AT" time="0.0">
    <ignored/>
  </testcase> <!-- @AfterTest AT -->
  <testcase classname="GenericUtility.BaseClass" name="@BeforeTest BT" time="0.0">
    <ignored/>
  </testcase> <!-- @BeforeTest BT -->
  <testcase classname="GenericUtility.BaseClass" name="@AfterSuite AS" time="0.0">
    <ignored/>
  </testcase> <!-- @AfterSuite AS -->
</testsuite> <!-- Test -->
