<?xml version="1.0" encoding="UTF-8"?>
<!-- Generated by org.testng.reporters.JUnitReportReporter -->
<testsuite hostname="anvitha" failures="0" tests="3" name="Practice.DataProviderExample" time="0.004" errors="0" timestamp="2023-04-12T20:25:02 IST" skipped="0">
  <testcase classname="Practice.DataProviderExample" name="bookTickets" time="0.001"/>
  <system-out/>
  <testcase classname="Practice.DataProviderExample" name="bookTickets" time="0.002"/>
  <system-out/>
  <testcase classname="Practice.DataProviderExample" name="bookTickets" time="0.001"/>
  <system-out/>
</testsuite> <!-- Practice.DataProviderExample -->
