<?xml version="1.0" encoding="UTF-8"?>
<!-- Generated by org.testng.reporters.JUnitReportReporter -->
<testsuite hostname="anvitha" failures="0" tests="3" name="Practice.DataProviderusingExcel" time="0.008" errors="0" timestamp="2023-04-16T23:32:34 IST" skipped="0">
  <testcase classname="Practice.DataProviderusingExcel" name="readData" time="0.000"/>
  <system-out/>
  <testcase classname="Practice.DataProviderusingExcel" name="readData" time="0.007"/>
  <system-out/>
  <testcase classname="Practice.DataProviderusingExcel" name="readData" time="0.001"/>
  <system-out/>
</testsuite> <!-- Practice.DataProviderusingExcel -->
