<?xml version="1.0" encoding="UTF-8"?>
<!-- Generated by org.testng.reporters.JUnitReportReporter -->
<testsuite hostname="anvitha" failures="0" tests="2" name="Organizations.CreateOrganizationTest" time="27.923" errors="0" timestamp="2023-04-18T22:53:30 IST" skipped="0">
  <testcase classname="Organizations.CreateOrganizationTest" name="createOrganizationTest" time="13.579"/>
  <system-out/>
  <testcase classname="Organizations.CreateOrganizationTest" name="createOrganisation2Test" time="14.344"/>
  <system-out/>
</testsuite> <!-- Organizations.CreateOrganizationTest -->
