<?xml version="1.0" encoding="UTF-8"?>
<!-- Generated by org.testng.reporters.JUnitReportReporter -->
<testsuite hostname="anvitha" failures="0" tests="5" name="Practice.SampleTestNg" time="0.009" errors="0" timestamp="2023-04-06T20:06:57 IST" skipped="0">
  <testcase classname="Practice.SampleTestNg" name="createContact" time="0.000"/>
  <system-out/>
  <testcase classname="Practice.SampleTestNg" name="createContact" time="0.009"/>
  <system-out/>
  <testcase classname="Practice.SampleTestNg" name="createContact" time="0.000"/>
  <system-out/>
  <testcase classname="Practice.SampleTestNg" name="deleteContact" time="0.000"/>
  <system-out/>
  <testcase classname="Practice.SampleTestNg" name="modifyContact" time="0.000"/>
  <system-out/>
</testsuite> <!-- Practice.SampleTestNg -->
