<?xml version="1.0" encoding="UTF-8"?>
<!-- Generated by org.testng.reporters.JUnitReportReporter -->
<testsuite hostname="anvitha" failures="0" tests="3" name="Practice.DataProvider_Excel" time="0.006" errors="0" timestamp="2023-04-12T20:59:34 IST" skipped="0">
  <testcase classname="Practice.DataProvider_Excel" name="bookTickets" time="0.005"/>
  <system-out/>
  <testcase classname="Practice.DataProvider_Excel" name="bookTickets" time="0.000"/>
  <system-out/>
  <testcase classname="Practice.DataProvider_Excel" name="bookTickets" time="0.001"/>
  <system-out/>
</testsuite> <!-- Practice.DataProvider_Excel -->
